<?xml version="1.0" encoding="UTF-8"?>
<testsuite xmlns:xsi="http://www.w3.org/2001/XMLSchema-instance" xsi:noNamespaceSchemaLocation="https://maven.apache.org/surefire/maven-surefire-plugin/xsd/surefire-test-report-3.0.xsd" version="3.0" name="com.eden.comptab.EdenComptabApplicationTests" time="16.992" tests="1" errors="0" skipped="0" failures="0">
  <properties>
[...]
</properties>
  <testcase name="contextLoadsAndDataIsInitialized" classname="com.eden.comptab.EdenComptabApplicationTests" time="1.609">
    <system-out><![CDATA[14:33:00.996 [main] INFO org.springframework.test.context.support.AnnotationConfigContextLoaderUtils -- Could not detect default configuration classes for test class [com.eden.comptab.EdenComptabApplicationTests]: EdenComptabApplicationTests does not declare any static, non-private, non-final, nested classes annotated with @Configuration.
14:33:01.314 [main] INFO org.springframework.boot.test.context.SpringBootTestContextBootstrapper -- Found @SpringBootConfiguration com.eden.comptab.EdenComptabApplication for test class com.eden.comptab.EdenComptabApplicationTests

  .   ____          _            __ _ _
 /\\ / ___'_ __ _ _(_)_ __  __ _ \ \ \ \
( ( )\___ | '_ | '_| | '_ \/ _` | \ \ \ \
 \\/  ___)| |_)| | | | | || (_| |  ) ) ) )
  '  |____| .__|_| |_|_| |_\__, | / / / /
 =========|_|==============|___/=/_/_/_/
 :: Spring Boot ::                (v3.2.3)

2025-11-27T14:33:02.446-05:00  INFO 9772 --- [           main] c.e.comptab.EdenComptabApplicationTests  : Starting EdenComptabApplicationTests using Java 21.0.7 with PID 9772 (started by kenfa in C:\Users\kenfa\Documents\Projets\EdenComptab2)
2025-11-27T14:33:02.448-05:00  INFO 9772 --- [           main] c.e.comptab.EdenComptabApplicationTests  : No active profile set, falling back to 1 default profile: "default"
2025-11-27T14:33:04.677-05:00  INFO 9772 --- [           main] .s.d.r.c.RepositoryConfigurationDelegate : Bootstrapping Spring Data JPA repositories in DEFAULT mode.
2025-11-27T14:33:04.904-05:00  INFO 9772 --- [           main] .s.d.r.c.RepositoryConfigurationDelegate : Finished Spring Data repository scanning in 208 ms. Found 12 JPA repository interfaces.
2025-11-27T14:33:06.538-05:00  INFO 9772 --- [           main] o.hibernate.jpa.internal.util.LogHelper  : HHH000204: Processing PersistenceUnitInfo [name: default]
2025-11-27T14:33:06.778-05:00  INFO 9772 --- [           main] org.hibernate.Version                    : HHH000412: Hibernate ORM core version 6.4.4.Final
2025-11-27T14:33:06.902-05:00  INFO 9772 --- [           main] o.h.c.internal.RegionFactoryInitiator    : HHH000026: Second-level cache disabled
2025-11-27T14:33:07.700-05:00  INFO 9772 --- [           main] o.s.o.j.p.SpringPersistenceUnitInfo      : No LoadTimeWeaver setup: ignoring JPA class transformer
2025-11-27T14:33:07.772-05:00  INFO 9772 --- [           main] com.zaxxer.hikari.HikariDataSource       : HikariPool-1 - Starting...
2025-11-27T14:33:08.304-05:00  INFO 9772 --- [           main] com.zaxxer.hikari.pool.HikariPool        : HikariPool-1 - Added connection conn0: url=jdbc:h2:mem:edendb user=SA
2025-11-27T14:33:08.307-05:00  INFO 9772 --- [           main] com.zaxxer.hikari.HikariDataSource       : HikariPool-1 - Start completed.
2025-11-27T14:33:08.365-05:00  WARN 9772 --- [           main] org.hibernate.orm.deprecation            : HHH90000025: H2Dialect does not need to be specified explicitly using 'hibernate.dialect' (remove the property setting and it will be selected by default)
2025-11-27T14:33:11.257-05:00  INFO 9772 --- [           main] o.h.e.t.j.p.i.JtaPlatformInitiator       : HHH000489: No JTA platform available (set 'hibernate.transaction.jta.platform' to enable JTA platform integration)
Hibernate: create table categorie (id bigint generated by default as identity, nom_categorie varchar(100) not null, id_tenant bigint not null, primary key (id))
Hibernate: create table client (id bigint generated by default as identity, email varchar(100), nom_complet varchar(200) not null, statut_fidelite varchar(50), tel varchar(20), id_magasin bigint not null, primary key (id))
Hibernate: create table compte_client (id bigint generated by default as identity, solde_actuel numeric(10,2) not null, id_client bigint not null, id_magasin bigint not null, primary key (id))
Hibernate: create table ligne_retour (id bigint generated by default as identity, quantite_retournee integer not null, id_ligne_vente bigint not null, id_retour bigint not null, primary key (id))
Hibernate: create table ligne_vente (id bigint generated by default as identity, prix_unitaire numeric(10,2) not null, quantite integer not null, sous_total numeric(10,2) not null, id_produit bigint not null, id_vente bigint not null, primary key (id))
Hibernate: create table magasin (id bigint generated by default as identity, adresse TEXT, nom_magasin varchar(100) not null, id_tenant bigint not null, primary key (id))
Hibernate: create table mouvement_stock (id bigint generated by default as identity, commentaire TEXT, date_mvt timestamp(6) not null, quantite integer not null, type_mvt varchar(50) not null, id_magasin bigint not null, id_produit bigint not null, id_utilisateur bigint, primary key (id))
Hibernate: create table produit (id bigint generated by default as identity, code_barre varchar(50), cout_achat_standard numeric(10,2), description TEXT, nom_produit varchar(150) not null, prix_vente_standard numeric(10,2) not null, id_categorie bigint, id_tenant bigint not null, primary key (id))
Hibernate: create table retour (id bigint generated by default as identity, date_retour timestamp(6) not null, montant_rembourse numeric(10,2), raison_retour TEXT, id_magasin bigint not null, id_vente_initiale bigint not null, primary key (id))
Hibernate: create table stock (id bigint generated by default as identity, quantite integer not null, seuil_alerte integer not null, id_magasin bigint not null, id_produit bigint not null, primary key (id))
Hibernate: create table tenant (id bigint generated by default as identity, date_inscription timestamp(6) not null, nom_societe varchar(150) not null, plan_abonnement varchar(50), primary key (id))
Hibernate: create table transaction (id bigint generated by default as identity, date_transaction timestamp(6) not null, description TEXT, montant numeric(10,2) not null, moyen_paiement varchar(50), type_transaction varchar(50) not null, id_magasin bigint not null, id_retour bigint, id_vente bigint, primary key (id))
Hibernate: create table utilisateur (id bigint generated by default as identity, email varchar(100), mot_de_passe varchar(255) not null, nom_complet varchar(200) not null, role varchar(50) not null, id_magasin bigint, id_tenant bigint not null, primary key (id))
Hibernate: create table vente (id bigint generated by default as identity, date_vente timestamp(6) not null, montant_total numeric(10,2) not null, statut_paiement varchar(50) not null, id_client bigint, id_magasin bigint not null, id_utilisateur bigint not null, primary key (id))
Hibernate: alter table if exists compte_client drop constraint if exists UKgpi6wy8gsnr1vd2fd7u723abf
Hibernate: alter table if exists compte_client add constraint UKgpi6wy8gsnr1vd2fd7u723abf unique (id_client, id_magasin)
Hibernate: alter table if exists compte_client drop constraint if exists UK_dcdlc5pbvir8jwcpbc3rq74u0
Hibernate: alter table if exists compte_client add constraint UK_dcdlc5pbvir8jwcpbc3rq74u0 unique (id_client)
Hibernate: alter table if exists stock drop constraint if exists UKn4r9ayigld5rcdfceb23iag2o
Hibernate: alter table if exists stock add constraint UKn4r9ayigld5rcdfceb23iag2o unique (id_produit, id_magasin)
Hibernate: alter table if exists categorie add constraint FKej2lc7elgwep5lmq6kcr3let5 foreign key (id_tenant) references tenant
Hibernate: alter table if exists client add constraint FKjlf05rtxs682iy4e37kf9mo71 foreign key (id_magasin) references magasin
Hibernate: alter table if exists compte_client add constraint FKrcpshpa8s6es8hnk7mjn3rlnc foreign key (id_client) references client
Hibernate: alter table if exists compte_client add constraint FKpyl9lbnmnxb30qisgpfjp0n6j foreign key (id_magasin) references magasin
Hibernate: alter table if exists ligne_retour add constraint FK382tjungym76ngj3e745y3nyh foreign key (id_ligne_vente) references ligne_vente
Hibernate: alter table if exists ligne_retour add constraint FKoj7ac4w9bw8dkvd6neji5k6nf foreign key (id_retour) references retour
Hibernate: alter table if exists ligne_vente add constraint FKsjknoigx8mc33b5ybh9ccgh10 foreign key (id_produit) references produit
Hibernate: alter table if exists ligne_vente add constraint FKljcsivgt086wr14862iu9uxiw foreign key (id_vente) references vente
Hibernate: alter table if exists magasin add constraint FKfltdr9dx95urvqhvnkc2fw0gl foreign key (id_tenant) references tenant
Hibernate: alter table if exists mouvement_stock add constraint FKdcs00a9o8mkm439jmkfksv3hy foreign key (id_magasin) references magasin
Hibernate: alter table if exists mouvement_stock add constraint FK2jfnkp2smn248k3tx5c3v0ih9 foreign key (id_produit) references produit
Hibernate: alter table if exists mouvement_stock add constraint FKsufhl13gxc3oxo2t3arj3hxnx foreign key (id_utilisateur) references utilisateur
Hibernate: alter table if exists produit add constraint FKlgcxfrlljt10cdwx730b4tujf foreign key (id_categorie) references categorie
Hibernate: alter table if exists produit add constraint FKqq8kkbuoj1wgs0g1e9xg9rei3 foreign key (id_tenant) references tenant
Hibernate: alter table if exists retour add constraint FKrr29ne15cxd9mry6rnw28xoq2 foreign key (id_magasin) references magasin
Hibernate: alter table if exists retour add constraint FKdcwys39araibjgpej05hf0q63 foreign key (id_vente_initiale) references vente
Hibernate: alter table if exists stock add constraint FK1p1nrudol136j8dxutdc18q8c foreign key (id_magasin) references magasin
Hibernate: alter table if exists stock add constraint FK25vcuk7gcmjsssn37hgtl1lqw foreign key (id_produit) references produit
Hibernate: alter table if exists transaction add constraint FK5abey7ht970e9fdnqwoksqjic foreign key (id_magasin) references magasin
Hibernate: alter table if exists transaction add constraint FK9tkiaypi9x5ohf1xetej8wadw foreign key (id_retour) references retour
Hibernate: alter table if exists transaction add constraint FK678wabmpkknidnxpfu9oa5lk3 foreign key (id_vente) references vente
Hibernate: alter table if exists utilisateur add constraint FK6s2ual3mwww2c9prvjg2k8xu5 foreign key (id_magasin) references magasin
Hibernate: alter table if exists utilisateur add constraint FKncwoxlpt9vkof409fwire55fa foreign key (id_tenant) references tenant
Hibernate: alter table if exists vente add constraint FKsxficdpv917dsduf5y0o4m2l3 foreign key (id_client) references client
Hibernate: alter table if exists vente add constraint FKos53bfswqt4eimid48ttl0s3u foreign key (id_magasin) references magasin
Hibernate: alter table if exists vente add constraint FKr2dc9u0rdqi3h31yk8ang0h6i foreign key (id_utilisateur) references utilisateur
2025-11-27T14:33:11.628-05:00  INFO 9772 --- [           main] j.LocalContainerEntityManagerFactoryBean : Initialized JPA EntityManagerFactory for persistence unit 'default'
2025-11-27T14:33:13.822-05:00  WARN 9772 --- [           main] JpaBaseConfiguration$JpaWebConfiguration : spring.jpa.open-in-view is enabled by default. Therefore, database queries may be performed during view rendering. Explicitly configure spring.jpa.open-in-view to disable this warning
2025-11-27T14:33:15.277-05:00  INFO 9772 --- [           main] o.s.b.a.h2.H2ConsoleAutoConfiguration    : H2 console available at '/h2-console'. Database available at 'jdbc:h2:mem:edendb'
2025-11-27T14:33:15.471-05:00  INFO 9772 --- [           main] c.e.comptab.EdenComptabApplicationTests  : Started EdenComptabApplicationTests in 13.729 seconds (process running for 16.37)
--- DÉBUT INITIALISATION DONNÉES DE TEST ---
Hibernate: insert into tenant (date_inscription,nom_societe,plan_abonnement,id) values (?,?,?,default)
✅ Tenant créé : Ma Super Entreprise
Hibernate: insert into magasin (adresse,nom_magasin,id_tenant,id) values (?,?,?,default)
✅ Magasin créé : Boutique Paris
Hibernate: insert into utilisateur (email,id_magasin,mot_de_passe,nom_complet,role,id_tenant,id) values (?,?,?,?,?,?,default)
✅ Admin créé : Jean Dupont
Hibernate: insert into categorie (nom_categorie,id_tenant,id) values (?,?,default)
Hibernate: insert into produit (id_categorie,code_barre,cout_achat_standard,description,nom_produit,prix_vente_standard,id_tenant,id) values (?,?,?,?,?,?,?,default)
✅ Produit créé : Coca-Cola 33cl
Hibernate: insert into stock (id_magasin,id_produit,quantite,seuil_alerte,id) values (?,?,?,?,default)
✅ Stock initialisé à Paris : 100 unités
--- FIN INITIALISATION DONNÉES DE TEST ---
Hibernate: select t1_0.id,t1_0.date_inscription,t1_0.nom_societe,t1_0.plan_abonnement from tenant t1_0
Hibernate: select m1_0.id,m1_0.adresse,m1_0.nom_magasin,m1_0.id_tenant from magasin m1_0
Hibernate: select p1_0.id,p1_0.id_categorie,p1_0.code_barre,p1_0.cout_achat_standard,p1_0.description,p1_0.nom_produit,p1_0.prix_vente_standard,p1_0.id_tenant from produit p1_0
Hibernate: select s1_0.id,s1_0.id_magasin,s1_0.id_produit,s1_0.quantite,s1_0.seuil_alerte from stock s1_0
>>> TEST RÉUSSI : Toutes les données de base sont présentes en base !
]]></system-out>
    <system-err><![CDATA[WARNING: A Java agent has been loaded dynamically (C:\Users\kenfa\.m2\repository\net\bytebuddy\byte-buddy-agent\1.14.12\byte-buddy-agent-1.14.12.jar)
WARNING: If a serviceability tool is in use, please run with -XX:+EnableDynamicAgentLoading to hide this warning
WARNING: If a serviceability tool is not in use, please run with -Djdk.instrument.traceUsage for more information
WARNING: Dynamic loading of agents will be disallowed by default in a future release
]]></system-err>
  </testcase>
</testsuite>